
  .   ____          _            __ _ _
 /\\ / ___'_ __ _ _(_)_ __  __ _ \ \ \ \
( ( )\___ | '_ | '_| | '_ \/ _` | \ \ \ \
 \\/  ___)| |_)| | | | | || (_| |  ) ) ) )
  '  |____| .__|_| |_|_| |_\__, | / / / /
 =========|_|==============|___/=/_/_/_/
 :: Spring Boot ::        (v2.0.4.RELEASE)

2019-03-12 21:34:54.121  INFO 6175 --- [           main] com.xiaozhu.repocket.ApplicationStarter  : Starting ApplicationStarter on chensijiedeMacBook-Air.local with PID 6175 (/Users/chensijie/Desktop/红包项目/redpocket/target/redpocket.jar started by chensijie in /Users/chensijie/Desktop/红包项目/redpocket)
2019-03-12 21:34:54.138  INFO 6175 --- [           main] com.xiaozhu.repocket.ApplicationStarter  : No active profile set, falling back to default profiles: default
2019-03-12 21:34:54.363  INFO 6175 --- [           main] ConfigServletWebServerApplicationContext : Refreshing org.springframework.boot.web.servlet.context.AnnotationConfigServletWebServerApplicationContext@18ef96: startup date [Tue Mar 12 21:34:54 CST 2019]; root of context hierarchy
2019-03-12 21:34:58.474  INFO 6175 --- [           main] trationDelegate$BeanPostProcessorChecker : Bean 'org.springframework.transaction.annotation.ProxyTransactionManagementConfiguration' of type [org.springframework.transaction.annotation.ProxyTransactionManagementConfiguration$$EnhancerBySpringCGLIB$$2fe2d1e3] is not eligible for getting processed by all BeanPostProcessors (for example: not eligible for auto-proxying)
2019-03-12 21:34:59.528  INFO 6175 --- [           main] o.s.b.w.embedded.tomcat.TomcatWebServer  : Tomcat initialized with port(s): 8999 (http)
2019-03-12 21:34:59.626  INFO 6175 --- [           main] o.apache.catalina.core.StandardService   : Starting service [Tomcat]
2019-03-12 21:34:59.627  INFO 6175 --- [           main] org.apache.catalina.core.StandardEngine  : Starting Servlet Engine: Apache Tomcat/8.5.32
2019-03-12 21:34:59.665  INFO 6175 --- [ost-startStop-1] o.a.catalina.core.AprLifecycleListener   : The APR based Apache Tomcat Native library which allows optimal performance in production environments was not found on the java.library.path: [/Users/chensijie/Library/Java/Extensions:/Library/Java/Extensions:/Network/Library/Java/Extensions:/System/Library/Java/Extensions:/usr/lib/java:.]
2019-03-12 21:34:59.934  INFO 6175 --- [ost-startStop-1] o.a.c.c.C.[Tomcat].[localhost].[/]       : Initializing Spring embedded WebApplicationContext
2019-03-12 21:34:59.934  INFO 6175 --- [ost-startStop-1] o.s.web.context.ContextLoader            : Root WebApplicationContext: initialization completed in 5588 ms
2019-03-12 21:35:00.000  INFO 6175 --- [ost-startStop-1] o.s.b.w.servlet.ServletRegistrationBean  : Servlet dispatcherServlet mapped to [/]
2019-03-12 21:35:00.013  INFO 6175 --- [ost-startStop-1] o.s.b.w.servlet.FilterRegistrationBean   : Mapping filter: 'characterEncodingFilter' to: [/*]
2019-03-12 21:35:00.643  INFO 6175 --- [           main] com.zaxxer.hikari.HikariDataSource       : HikariPool-1 - Starting...
2019-03-12 21:35:01.611  INFO 6175 --- [           main] com.zaxxer.hikari.HikariDataSource       : HikariPool-1 - Start completed.
2019-03-12 21:35:01.736  INFO 6175 --- [           main] j.LocalContainerEntityManagerFactoryBean : Building JPA container EntityManagerFactory for persistence unit 'default'
2019-03-12 21:35:01.798  INFO 6175 --- [           main] o.hibernate.jpa.internal.util.LogHelper  : HHH000204: Processing PersistenceUnitInfo [
	name: default
	...]
2019-03-12 21:35:02.116  INFO 6175 --- [           main] org.hibernate.Version                    : HHH000412: Hibernate Core {5.2.17.Final}
2019-03-12 21:35:02.120  INFO 6175 --- [           main] org.hibernate.cfg.Environment            : HHH000206: hibernate.properties not found
2019-03-12 21:35:02.289  INFO 6175 --- [           main] o.hibernate.annotations.common.Version   : HCANN000001: Hibernate Commons Annotations {5.0.1.Final}
2019-03-12 21:35:02.885  INFO 6175 --- [           main] org.hibernate.dialect.Dialect            : HHH000400: Using dialect: org.hibernate.dialect.MySQL5Dialect
2019-03-12 21:35:04.152  INFO 6175 --- [           main] j.LocalContainerEntityManagerFactoryBean : Initialized JPA EntityManagerFactory for persistence unit 'default'
2019-03-12 21:35:04.402  INFO 6175 --- [           main] org.eclipse.jetty.util.log               : Logging initialized @12905ms to org.eclipse.jetty.util.log.Slf4jLog
2019-03-12 21:35:05.926  WARN 6175 --- [           main] aWebConfiguration$JpaWebMvcConfiguration : spring.jpa.open-in-view is enabled by default. Therefore, database queries may be performed during view rendering. Explicitly configure spring.jpa.open-in-view to disable this warning
2019-03-12 21:35:06.516  INFO 6175 --- [           main] s.w.s.m.m.a.RequestMappingHandlerMapping : Mapped "{[/room/queryRoomData],methods=[POST]}" onto public com.xiaozhu.repocket.controller.response.ApiResponse<com.xiaozhu.repocket.controller.response.PageDataBean<com.alibaba.fastjson.JSONObject>> com.xiaozhu.repocket.controller.room.RoomController.queryRoomData(com.xiaozhu.repocket.controller.request.robot.RobotQueryRequest)
2019-03-12 21:35:06.524  INFO 6175 --- [           main] s.w.s.m.m.a.RequestMappingHandlerMapping : Mapped "{[/config/setConfig],methods=[POST]}" onto public com.xiaozhu.repocket.controller.response.ApiResponse<java.lang.Boolean> com.xiaozhu.repocket.controller.config.ConfigController.setConfig(com.xiaozhu.repocket.vo.ServerConfigVo)
2019-03-12 21:35:06.526  INFO 6175 --- [           main] s.w.s.m.m.a.RequestMappingHandlerMapping : Mapped "{[/config/obtainData],methods=[GET]}" onto public com.xiaozhu.repocket.controller.response.ApiResponse<java.util.List<com.alibaba.fastjson.JSONObject>> com.xiaozhu.repocket.controller.config.ConfigController.queryConfig()
2019-03-12 21:35:06.528  INFO 6175 --- [           main] s.w.s.m.m.a.RequestMappingHandlerMapping : Mapped "{[/user/login],methods=[POST]}" onto public com.xiaozhu.repocket.controller.response.ApiResponse<com.xiaozhu.repocket.controller.response.login.LoginResponse> com.xiaozhu.repocket.controller.LoginController.login(com.xiaozhu.repocket.controller.request.login.UserLoginRequest)
2019-03-12 21:35:06.530  INFO 6175 --- [           main] s.w.s.m.m.a.RequestMappingHandlerMapping : Mapped "{[/user/logout]}" onto public com.xiaozhu.repocket.controller.response.ApiResponse<java.lang.Boolean> com.xiaozhu.repocket.controller.LoginController.logout(javax.servlet.http.HttpServletRequest)
2019-03-12 21:35:06.537  INFO 6175 --- [           main] s.w.s.m.m.a.RequestMappingHandlerMapping : Mapped "{[/admin/queryAdminData],methods=[POST]}" onto public com.xiaozhu.repocket.controller.response.ApiResponse<com.xiaozhu.repocket.controller.response.PageDataBean> com.xiaozhu.repocket.controller.admin.AdminController.queryAdminData(com.xiaozhu.repocket.controller.request.BaseQueryRequest)
2019-03-12 21:35:06.539  INFO 6175 --- [           main] s.w.s.m.m.a.RequestMappingHandlerMapping : Mapped "{[/admin/delAdminData],methods=[POST]}" onto public com.xiaozhu.repocket.controller.response.ApiResponse<java.lang.String> com.xiaozhu.repocket.controller.admin.AdminController.delAdminData(com.xiaozhu.repocket.controller.request.admin.AdminDelRequest)
2019-03-12 21:35:06.542  INFO 6175 --- [           main] s.w.s.m.m.a.RequestMappingHandlerMapping : Mapped "{[/admin/createAdminData],methods=[POST]}" onto public com.xiaozhu.repocket.controller.response.ApiResponse<java.lang.String> com.xiaozhu.repocket.controller.admin.AdminController.createAdminData(com.xiaozhu.repocket.controller.request.admin.AdminCreateRequest)
2019-03-12 21:35:06.546  INFO 6175 --- [           main] s.w.s.m.m.a.RequestMappingHandlerMapping : Mapped "{[/agent/queryAgentData],methods=[POST]}" onto public com.xiaozhu.repocket.controller.response.ApiResponse<com.xiaozhu.repocket.controller.response.PageDataBean<com.xiaozhu.repocket.controller.response.PlayerDataVo>> com.xiaozhu.repocket.controller.agent.AgentController.queryAgentData(com.xiaozhu.repocket.controller.request.agent.AgentQueryRequest)
2019-03-12 21:35:06.609  INFO 6175 --- [           main] s.w.s.m.m.a.RequestMappingHandlerMapping : Mapped "{[/robot/queryRobotData],methods=[POST]}" onto public com.xiaozhu.repocket.controller.response.ApiResponse<com.xiaozhu.repocket.controller.response.PageDataBean<com.alibaba.fastjson.JSONObject>> com.xiaozhu.repocket.controller.robot.RobotController.queryRobotData(com.xiaozhu.repocket.controller.request.robot.RobotQueryRequest)
2019-03-12 21:35:06.613  INFO 6175 --- [           main] s.w.s.m.m.a.RequestMappingHandlerMapping : Mapped "{[/robot/createRobot],methods=[POST]}" onto public com.xiaozhu.repocket.controller.response.ApiResponse<java.lang.Boolean> com.xiaozhu.repocket.controller.robot.RobotController.createRobot(com.xiaozhu.repocket.controller.request.robot.RobotsToGroupRequest)
2019-03-12 21:35:06.624  INFO 6175 --- [           main] s.w.s.m.m.a.RequestMappingHandlerMapping : Mapped "{[/robot/updateRobotConfig],methods=[POST]}" onto public com.xiaozhu.repocket.controller.response.ApiResponse<java.lang.Boolean> com.xiaozhu.repocket.controller.robot.RobotController.updateRobotConfig(com.xiaozhu.repocket.controller.request.robot.RobotConfigRequest)
2019-03-12 21:35:06.664  INFO 6175 --- [           main] s.w.s.m.m.a.RequestMappingHandlerMapping : Mapped "{[/robot/createRobotsToGroup],methods=[POST]}" onto public com.xiaozhu.repocket.controller.response.ApiResponse<java.lang.Boolean> com.xiaozhu.repocket.controller.robot.RobotController.createRobotsToGroup(com.xiaozhu.repocket.controller.request.robot.RobotsToGroupRequest)
2019-03-12 21:35:06.672  INFO 6175 --- [           main] s.w.s.m.m.a.RequestMappingHandlerMapping : Mapped "{[/recharge/queryRechargeData],methods=[POST]}" onto public com.xiaozhu.repocket.controller.response.ApiResponse<com.xiaozhu.repocket.controller.response.PageDataBean> com.xiaozhu.repocket.controller.recharge.RechargeController.queryRechargeData(com.xiaozhu.repocket.controller.request.recharge.RechargeRequest)
2019-03-12 21:35:06.675  INFO 6175 --- [           main] s.w.s.m.m.a.RequestMappingHandlerMapping : Mapped "{[/recharge/queryRmoneyChangeData],methods=[POST]}" onto public com.xiaozhu.repocket.controller.response.ApiResponse<com.xiaozhu.repocket.controller.response.PageDataBean> com.xiaozhu.repocket.controller.recharge.RechargeController.queryRmoneyChangeData(com.xiaozhu.repocket.controller.request.recharge.RechargeRequest)
2019-03-12 21:35:06.689  INFO 6175 --- [           main] s.w.s.m.m.a.RequestMappingHandlerMapping : Mapped "{[/user/info],methods=[GET]}" onto public com.xiaozhu.repocket.controller.response.ApiResponse<com.xiaozhu.repocket.controller.response.user.UserDataResponse> com.xiaozhu.repocket.controller.UserInfoController.getUserInfo(javax.servlet.http.HttpServletRequest)
2019-03-12 21:35:06.702  INFO 6175 --- [           main] s.w.s.m.m.a.RequestMappingHandlerMapping : Mapped "{[/player/queryPlayerData],methods=[POST]}" onto public com.xiaozhu.repocket.controller.response.ApiResponse<com.xiaozhu.repocket.controller.response.PageDataBean<com.xiaozhu.repocket.controller.response.PlayerDataVo>> com.xiaozhu.repocket.controller.player.PlayerController.queryAgentData(com.xiaozhu.repocket.controller.request.agent.AgentQueryRequest)
2019-03-12 21:35:06.703  INFO 6175 --- [           main] s.w.s.m.m.a.RequestMappingHandlerMapping : Mapped "{[/player/queryMemberSetUp],methods=[POST]}" onto public com.xiaozhu.repocket.controller.response.ApiResponse<java.util.List<com.alibaba.fastjson.JSONObject>> com.xiaozhu.repocket.controller.player.PlayerController.queryMemberSetUp(com.xiaozhu.repocket.controller.request.player.PlayerQueryParam)
2019-03-12 21:35:06.708  INFO 6175 --- [           main] s.w.s.m.m.a.RequestMappingHandlerMapping : Mapped "{[/player/updatePlayer],methods=[POST]}" onto public com.xiaozhu.repocket.controller.response.ApiResponse<java.lang.Boolean> com.xiaozhu.repocket.controller.player.PlayerController.updatePlayer(com.xiaozhu.repocket.controller.request.player.ModifyPlayerReq)
2019-03-12 21:35:06.745  INFO 6175 --- [           main] s.w.s.m.m.a.RequestMappingHandlerMapping : Mapped "{[/error]}" onto public org.springframework.http.ResponseEntity<java.util.Map<java.lang.String, java.lang.Object>> org.springframework.boot.autoconfigure.web.servlet.error.BasicErrorController.error(javax.servlet.http.HttpServletRequest)
2019-03-12 21:35:06.786  INFO 6175 --- [           main] s.w.s.m.m.a.RequestMappingHandlerMapping : Mapped "{[/error],produces=[text/html]}" onto public org.springframework.web.servlet.ModelAndView org.springframework.boot.autoconfigure.web.servlet.error.BasicErrorController.errorHtml(javax.servlet.http.HttpServletRequest,javax.servlet.http.HttpServletResponse)
2019-03-12 21:35:07.518  INFO 6175 --- [           main] s.w.s.m.m.a.RequestMappingHandlerAdapter : Looking for @ControllerAdvice: org.springframework.boot.web.servlet.context.AnnotationConfigServletWebServerApplicationContext@18ef96: startup date [Tue Mar 12 21:34:54 CST 2019]; root of context hierarchy
2019-03-12 21:35:08.580  INFO 6175 --- [           main] o.s.ui.freemarker.SpringTemplateLoader   : SpringTemplateLoader for FreeMarker: using resource loader [org.springframework.boot.web.servlet.context.AnnotationConfigServletWebServerApplicationContext@18ef96: startup date [Tue Mar 12 21:34:54 CST 2019]; root of context hierarchy] and template loader path [classpath:/templates/]
2019-03-12 21:35:08.586  INFO 6175 --- [           main] o.s.w.s.v.f.FreeMarkerConfigurer         : ClassTemplateLoader for Spring macros added to FreeMarker configuration
2019-03-12 21:35:08.734  WARN 6175 --- [           main] o.s.b.a.f.FreeMarkerAutoConfiguration    : Cannot find template location(s): [classpath:/templates/] (please add some templates, check your FreeMarker configuration, or set spring.freemarker.checkTemplateLocation=false)
2019-03-12 21:35:09.449  INFO 6175 --- [           main] o.s.j.e.a.AnnotationMBeanExporter        : Registering beans for JMX exposure on startup
2019-03-12 21:35:09.453  INFO 6175 --- [           main] o.s.j.e.a.AnnotationMBeanExporter        : Bean with name 'dataSource' has been autodetected for JMX exposure
2019-03-12 21:35:09.463  INFO 6175 --- [           main] o.s.j.e.a.AnnotationMBeanExporter        : Located MBean 'dataSource': registering with JMX server as MBean [com.zaxxer.hikari:name=dataSource,type=HikariDataSource]
2019-03-12 21:35:09.585  INFO 6175 --- [           main] o.s.b.w.embedded.tomcat.TomcatWebServer  : Tomcat started on port(s): 8999 (http) with context path ''
2019-03-12 21:35:09.591  INFO 6175 --- [           main] com.xiaozhu.repocket.ApplicationStarter  : Started ApplicationStarter in 16.68 seconds (JVM running for 18.093)
2019-03-12 23:41:30.424  WARN 6175 --- [l-1 housekeeper] com.zaxxer.hikari.pool.HikariPool        : HikariPool-1 - Thread starvation or clock leap detected (housekeeper delta=2h28s655ms).
2019-03-13 08:15:07.166  WARN 6175 --- [l-1 housekeeper] com.zaxxer.hikari.pool.HikariPool        : HikariPool-1 - Thread starvation or clock leap detected (housekeeper delta=8h33m36s743ms).
2019-03-13 09:10:44.008  WARN 6175 --- [l-1 housekeeper] com.zaxxer.hikari.pool.HikariPool        : HikariPool-1 - Thread starvation or clock leap detected (housekeeper delta=55m36s843ms).
2019-03-13 09:11:29.728  INFO 6175 --- [      Thread-11] ConfigServletWebServerApplicationContext : Closing org.springframework.boot.web.servlet.context.AnnotationConfigServletWebServerApplicationContext@18ef96: startup date [Tue Mar 12 21:34:54 CST 2019]; root of context hierarchy
2019-03-13 09:11:29.949  INFO 6175 --- [      Thread-11] o.s.j.e.a.AnnotationMBeanExporter        : Unregistering JMX-exposed beans on shutdown
2019-03-13 09:11:29.955  INFO 6175 --- [      Thread-11] o.s.j.e.a.AnnotationMBeanExporter        : Unregistering JMX-exposed beans
2019-03-13 09:11:30.046  INFO 6175 --- [      Thread-11] j.LocalContainerEntityManagerFactoryBean : Closing JPA EntityManagerFactory for persistence unit 'default'
2019-03-13 09:11:30.098  INFO 6175 --- [      Thread-11] com.zaxxer.hikari.HikariDataSource       : HikariPool-1 - Shutdown initiated...
2019-03-13 09:11:30.147  INFO 6175 --- [      Thread-11] com.zaxxer.hikari.HikariDataSource       : HikariPool-1 - Shutdown completed.
